Started GET "/users" for 127.0.0.1 at 2017-06-05 14:35:09 +0700
  [1m[35m (6.6ms)[0m  [1m[34mSELECT "schema_migrations"."version" FROM "schema_migrations" ORDER BY "schema_migrations"."version" ASC[0m
  
ActionController::RoutingError (No route matches [GET] "/users"):
  
actionpack (5.1.1) lib/action_dispatch/middleware/debug_exceptions.rb:63:in `call'
web-console (3.5.1) lib/web_console/middleware.rb:135:in `call_app'
web-console (3.5.1) lib/web_console/middleware.rb:28:in `block in call'
web-console (3.5.1) lib/web_console/middleware.rb:18:in `catch'
web-console (3.5.1) lib/web_console/middleware.rb:18:in `call'
actionpack (5.1.1) lib/action_dispatch/middleware/show_exceptions.rb:31:in `call'
railties (5.1.1) lib/rails/rack/logger.rb:36:in `call_app'
railties (5.1.1) lib/rails/rack/logger.rb:24:in `block in call'
activesupport (5.1.1) lib/active_support/tagged_logging.rb:69:in `block in tagged'
activesupport (5.1.1) lib/active_support/tagged_logging.rb:26:in `tagged'
activesupport (5.1.1) lib/active_support/tagged_logging.rb:69:in `tagged'
railties (5.1.1) lib/rails/rack/logger.rb:24:in `call'
sprockets-rails (3.2.0) lib/sprockets/rails/quiet_assets.rb:13:in `call'
actionpack (5.1.1) lib/action_dispatch/middleware/remote_ip.rb:79:in `call'
actionpack (5.1.1) lib/action_dispatch/middleware/request_id.rb:25:in `call'
rack (2.0.3) lib/rack/method_override.rb:22:in `call'
rack (2.0.3) lib/rack/runtime.rb:22:in `call'
activesupport (5.1.1) lib/active_support/cache/strategy/local_cache_middleware.rb:27:in `call'
actionpack (5.1.1) lib/action_dispatch/middleware/executor.rb:12:in `call'
actionpack (5.1.1) lib/action_dispatch/middleware/static.rb:125:in `call'
rack (2.0.3) lib/rack/sendfile.rb:111:in `call'
railties (5.1.1) lib/rails/engine.rb:522:in `call'
puma (3.9.0) lib/puma/configuration.rb:224:in `call'
puma (3.9.0) lib/puma/server.rb:602:in `handle_request'
puma (3.9.0) lib/puma/server.rb:435:in `process_client'
puma (3.9.0) lib/puma/server.rb:299:in `block in run'
puma (3.9.0) lib/puma/thread_pool.rb:120:in `block in spawn_thread'
Started GET "/" for 127.0.0.1 at 2017-06-05 14:35:12 +0700
Processing by HomeController#index as HTML
Completed 401 Unauthorized in 12ms (ActiveRecord: 0.0ms)


Started GET "/users/sign_in" for 127.0.0.1 at 2017-06-05 14:35:12 +0700
Processing by Devise::SessionsController#new as HTML
  Rendering devise/sessions/new.html.erb within layouts/application
  Rendered devise/sessions/new.html.erb within layouts/application (6.6ms)
  Rendered partials/_navbar.html.erb (0.8ms) [cache miss]
  Rendered partials/_side_bar.html.erb (0.7ms) [cache miss]
Completed 200 OK in 687ms (Views: 622.8ms | ActiveRecord: 3.8ms)


Started GET "/users/sign_up" for 127.0.0.1 at 2017-06-05 14:35:15 +0700
Processing by Users::RegistrationsController#new as HTML
  Rendering devise/registrations/new.html.erb within layouts/application
  [1m[36mRole Load (2.7ms)[0m  [1m[34mSELECT "roles".* FROM "roles"[0m
  Rendered devise/registrations/new.html.erb within layouts/application (80.6ms)
  Rendered partials/_navbar.html.erb (1.1ms) [cache miss]
  Rendered partials/_side_bar.html.erb (0.9ms) [cache miss]
Completed 200 OK in 245ms (Views: 226.2ms | ActiveRecord: 16.4ms)


Started GET "/users/sign_up" for 127.0.0.1 at 2017-06-05 14:35:37 +0700
Processing by Users::RegistrationsController#new as HTML
  Rendering devise/registrations/new.html.erb within layouts/application
  [1m[36mRole Load (0.6ms)[0m  [1m[34mSELECT "roles".* FROM "roles"[0m
  Rendered devise/registrations/new.html.erb within layouts/application (5.7ms)
  Rendered partials/_navbar.html.erb (1.2ms) [cache miss]
  Rendered partials/_side_bar.html.erb (0.6ms) [cache miss]
Completed 200 OK in 136ms (Views: 134.5ms | ActiveRecord: 0.6ms)


Started GET "/users/sign_up" for 127.0.0.1 at 2017-06-05 14:35:56 +0700
Processing by Users::RegistrationsController#new as HTML
  Rendering devise/registrations/new.html.erb within layouts/application
  [1m[36mRole Load (0.4ms)[0m  [1m[34mSELECT "roles".* FROM "roles"[0m
  Rendered devise/registrations/new.html.erb within layouts/application (27.7ms)
  Rendered partials/_navbar.html.erb (0.7ms) [cache miss]
  Rendered partials/_side_bar.html.erb (0.5ms) [cache miss]
Completed 200 OK in 266ms (Views: 216.0ms | ActiveRecord: 11.4ms)


Started POST "/users" for 127.0.0.1 at 2017-06-05 14:36:10 +0700
Processing by Users::RegistrationsController#create as HTML
  Parameters: {"utf8"=>"✓", "authenticity_token"=>"O+/5e/2T7CoZH/zWiJEsbVBe6TeM6azi4V2DD9NDp5xaJc8QLgJfq547ukzl5aGovPFU42TtrlgcnSIeO3cliQ==", "user"=>{"email"=>"t3@example.com", "password"=>"[FILTERED]", "password_confirmation"=>"[FILTERED]", "role"=>{"id"=>"1"}}, "commit"=>"Create Account"}
Unpermitted parameter: :role
  [1m[35m (0.1ms)[0m  [1m[35mBEGIN[0m
  [1m[36mUser Exists (0.6ms)[0m  [1m[34mSELECT  1 AS one FROM "users" WHERE "users"."email" = $1 LIMIT $2[0m  [["email", "t3@example.com"], ["LIMIT", 1]]
  [1m[35mSQL (6.9ms)[0m  [1m[32mINSERT INTO "users" ("email", "encrypted_password", "created_at", "updated_at") VALUES ($1, $2, $3, $4) RETURNING "id"[0m  [["email", "t3@example.com"], ["encrypted_password", "$2a$11$gdgCORs4mkDZYiP/eZOZj.E6csQN3UOyhJ9ySZ9vaAIIPNZTkjMFG"], ["created_at", "2017-06-05 07:36:22.269533"], ["updated_at", "2017-06-05 07:36:22.269533"]]
  [1m[36mRole Exists (0.7ms)[0m  [1m[34mSELECT  1 AS one FROM "roles" INNER JOIN "users_roles" ON "roles"."id" = "users_roles"."role_id" WHERE "users_roles"."user_id" = $1 LIMIT $2[0m  [["user_id", 8], ["LIMIT", 1]]
  [1m[36mRole Load (0.6ms)[0m  [1m[34mSELECT  "roles".* FROM "roles" WHERE "roles"."name" = $1 AND "roles"."resource_type" IS NULL AND "roles"."resource_id" IS NULL ORDER BY "roles"."id" ASC LIMIT $2[0m  [["name", "student"], ["LIMIT", 1]]
  [1m[36mRole Exists (6.7ms)[0m  [1m[34mSELECT  1 AS one FROM "roles" INNER JOIN "users_roles" ON "roles"."id" = "users_roles"."role_id" WHERE "users_roles"."user_id" = $1 AND "roles"."id" = $2 LIMIT $3[0m  [["user_id", 8], ["id", 2], ["LIMIT", 1]]
  [1m[35m (0.4ms)[0m  [1m[34mSELECT "roles".id FROM "roles" INNER JOIN "users_roles" ON "roles"."id" = "users_roles"."role_id" WHERE "users_roles"."user_id" = $1[0m  [["user_id", 8]]
  [1m[36mRole Load (0.9ms)[0m  [1m[34mSELECT "roles".* FROM "roles" WHERE "roles"."id" = 2[0m
  [1m[36mRole Load (0.5ms)[0m  [1m[34mSELECT "roles".* FROM "roles" INNER JOIN "users_roles" ON "roles"."id" = "users_roles"."role_id" WHERE "users_roles"."user_id" = $1[0m  [["user_id", 8]]
  [1m[35mSQL (0.8ms)[0m  [1m[32mINSERT INTO "users_roles" ("user_id", "role_id") VALUES ($1, $2)[0m  [["user_id", 8], ["role_id", 2]]
  [1m[35m (17.4ms)[0m  [1m[35mCOMMIT[0m
  [1m[35m (0.2ms)[0m  [1m[35mBEGIN[0m
  [1m[35mSQL (0.4ms)[0m  [1m[33mUPDATE "users" SET "sign_in_count" = $1, "current_sign_in_at" = $2, "last_sign_in_at" = $3, "current_sign_in_ip" = $4, "last_sign_in_ip" = $5, "updated_at" = $6 WHERE "users"."id" = $7[0m  [["sign_in_count", 1], ["current_sign_in_at", "2017-06-05 07:36:22.372309"], ["last_sign_in_at", "2017-06-05 07:36:22.372309"], ["current_sign_in_ip", "127.0.0.1/32"], ["last_sign_in_ip", "127.0.0.1/32"], ["updated_at", "2017-06-05 07:36:22.373253"], ["id", 8]]
  [1m[35m (0.4ms)[0m  [1m[35mCOMMIT[0m
Redirected to http://localhost:3000/
Completed 302 Found in 12113ms (ActiveRecord: 42.1ms)


Started GET "/" for 127.0.0.1 at 2017-06-05 14:36:22 +0700
Processing by HomeController#index as HTML
  [1m[36mUser Load (2.1ms)[0m  [1m[34mSELECT  "users".* FROM "users" WHERE "users"."id" = $1 ORDER BY "users"."id" ASC LIMIT $2[0m  [["id", 8], ["LIMIT", 1]]
  Rendering home/index.html.erb within layouts/application
  Rendered partials/_breadcrumb.html.erb (15.3ms) [cache miss]
  Rendered home/index.html.erb within layouts/application (18.7ms)
  Rendered partials/_navbar.html.erb (5.1ms) [cache miss]
  Rendered partials/_side_bar.html.erb (2.3ms) [cache miss]
Completed 200 OK in 140ms (Views: 129.0ms | ActiveRecord: 2.1ms)


Started DELETE "/users/sign_out" for 127.0.0.1 at 2017-06-05 14:36:51 +0700
Processing by Devise::SessionsController#destroy as HTML
  Parameters: {"authenticity_token"=>"CSmBwVmYeeLVSzAYBTEkUL1iLancl6RPRsl8yy1wFv5o47eqignKY1JvdoJoRamVUc2QfTSTpvW7Cd3axUSU6w=="}
  [1m[36mUser Load (1.8ms)[0m  [1m[34mSELECT  "users".* FROM "users" WHERE "users"."id" = $1 ORDER BY "users"."id" ASC LIMIT $2[0m  [["id", 8], ["LIMIT", 1]]
  [1m[35m (0.8ms)[0m  [1m[35mBEGIN[0m
  [1m[35m (0.3ms)[0m  [1m[35mCOMMIT[0m
Redirected to http://localhost:3000/
Completed 302 Found in 60ms (ActiveRecord: 10.9ms)


Started GET "/" for 127.0.0.1 at 2017-06-05 14:36:51 +0700
Processing by HomeController#index as HTML
Completed 401 Unauthorized in 1ms (ActiveRecord: 0.0ms)


Started GET "/users/sign_in" for 127.0.0.1 at 2017-06-05 14:36:51 +0700
Processing by Devise::SessionsController#new as HTML
  Rendering devise/sessions/new.html.erb within layouts/application
  Rendered devise/sessions/new.html.erb within layouts/application (2.7ms)
  Rendered partials/_navbar.html.erb (1.7ms) [cache miss]
  Rendered partials/_side_bar.html.erb (2.1ms) [cache miss]
Completed 200 OK in 98ms (Views: 96.3ms | ActiveRecord: 0.0ms)


Started GET "/users/sign_up" for 127.0.0.1 at 2017-06-05 14:36:53 +0700
Processing by Users::RegistrationsController#new as HTML
  Rendering devise/registrations/new.html.erb within layouts/application
  [1m[36mRole Load (1.6ms)[0m  [1m[34mSELECT "roles".* FROM "roles"[0m
  Rendered devise/registrations/new.html.erb within layouts/application (38.7ms)
  Rendered partials/_navbar.html.erb (1.0ms) [cache miss]
  Rendered partials/_side_bar.html.erb (0.9ms) [cache miss]
Completed 200 OK in 175ms (Views: 169.3ms | ActiveRecord: 4.4ms)


Started GET "/users/sign_up" for 127.0.0.1 at 2017-06-05 14:36:54 +0700
Processing by Users::RegistrationsController#new as HTML
  Rendering devise/registrations/new.html.erb within layouts/application
  [1m[36mRole Load (0.4ms)[0m  [1m[34mSELECT "roles".* FROM "roles"[0m
  Rendered devise/registrations/new.html.erb within layouts/application (7.9ms)
  Rendered partials/_navbar.html.erb (0.7ms) [cache miss]
  Rendered partials/_side_bar.html.erb (0.6ms) [cache miss]
Completed 200 OK in 107ms (Views: 105.3ms | ActiveRecord: 0.4ms)


Started POST "/users" for 127.0.0.1 at 2017-06-05 14:37:07 +0700
Processing by Users::RegistrationsController#create as HTML
  Parameters: {"utf8"=>"✓", "authenticity_token"=>"rbKiBfKZGUEl4roRzqJTwqslmVckHfW/GpDSRBszGDzNuFjIDIbgbIrBLwIX7Qw5b270FYu5qr4IfRtU5bK9Yw==", "user"=>{"email"=>"t4@example.com", "password"=>"[FILTERED]", "password_confirmation"=>"[FILTERED]", "role"=>{"id"=>"1"}}, "commit"=>"Create Account"}
Unpermitted parameter: :role
  [1m[35m (0.6ms)[0m  [1m[35mBEGIN[0m
  [1m[36mUser Exists (1.3ms)[0m  [1m[34mSELECT  1 AS one FROM "users" WHERE "users"."email" = $1 LIMIT $2[0m  [["email", "t4@example.com"], ["LIMIT", 1]]
  [1m[35mSQL (0.8ms)[0m  [1m[32mINSERT INTO "users" ("email", "encrypted_password", "created_at", "updated_at") VALUES ($1, $2, $3, $4) RETURNING "id"[0m  [["email", "t4@example.com"], ["encrypted_password", "$2a$11$bQbSd08VHwjufSHPdJswlOcaBW2wc8cKbCxlZ6qeOTGCNQsxP9fvG"], ["created_at", "2017-06-05 07:37:11.157533"], ["updated_at", "2017-06-05 07:37:11.157533"]]
  [1m[36mRole Load (0.5ms)[0m  [1m[34mSELECT  "roles".* FROM "roles" INNER JOIN "users_roles" ON "roles"."id" = "users_roles"."role_id" WHERE "users_roles"."user_id" = $1 LIMIT $2[0m  [["user_id", 9], ["LIMIT", 11]]
  [1m[36mRole Exists (1.5ms)[0m  [1m[34mSELECT  1 AS one FROM "roles" INNER JOIN "users_roles" ON "roles"."id" = "users_roles"."role_id" WHERE "users_roles"."user_id" = $1 LIMIT $2[0m  [["user_id", 9], ["LIMIT", 1]]
  [1m[36mRole Load (2.5ms)[0m  [1m[34mSELECT  "roles".* FROM "roles" WHERE "roles"."name" = $1 AND "roles"."resource_type" IS NULL AND "roles"."resource_id" IS NULL ORDER BY "roles"."id" ASC LIMIT $2[0m  [["name", "student"], ["LIMIT", 1]]
  [1m[36mRole Exists (2.1ms)[0m  [1m[34mSELECT  1 AS one FROM "roles" INNER JOIN "users_roles" ON "roles"."id" = "users_roles"."role_id" WHERE "users_roles"."user_id" = $1 AND "roles"."id" = $2 LIMIT $3[0m  [["user_id", 9], ["id", 2], ["LIMIT", 1]]
  [1m[35m (1.0ms)[0m  [1m[34mSELECT "roles".id FROM "roles" INNER JOIN "users_roles" ON "roles"."id" = "users_roles"."role_id" WHERE "users_roles"."user_id" = $1[0m  [["user_id", 9]]
  [1m[36mRole Load (0.9ms)[0m  [1m[34mSELECT "roles".* FROM "roles" WHERE "roles"."id" = 2[0m
  [1m[36mRole Load (0.9ms)[0m  [1m[34mSELECT "roles".* FROM "roles" INNER JOIN "users_roles" ON "roles"."id" = "users_roles"."role_id" WHERE "users_roles"."user_id" = $1[0m  [["user_id", 9]]
  [1m[35mSQL (2.5ms)[0m  [1m[32mINSERT INTO "users_roles" ("user_id", "role_id") VALUES ($1, $2)[0m  [["user_id", 9], ["role_id", 2]]
  [1m[35m (5.8ms)[0m  [1m[35mCOMMIT[0m
  [1m[35m (0.2ms)[0m  [1m[35mBEGIN[0m
  [1m[35mSQL (0.5ms)[0m  [1m[33mUPDATE "users" SET "sign_in_count" = $1, "current_sign_in_at" = $2, "last_sign_in_at" = $3, "current_sign_in_ip" = $4, "last_sign_in_ip" = $5, "updated_at" = $6 WHERE "users"."id" = $7[0m  [["sign_in_count", 1], ["current_sign_in_at", "2017-06-05 07:37:49.234366"], ["last_sign_in_at", "2017-06-05 07:37:49.234366"], ["current_sign_in_ip", "127.0.0.1/32"], ["last_sign_in_ip", "127.0.0.1/32"], ["updated_at", "2017-06-05 07:37:49.235236"], ["id", 9]]
  [1m[35m (6.3ms)[0m  [1m[35mCOMMIT[0m
Redirected to http://localhost:3000/
Completed 302 Found in 41652ms (ActiveRecord: 30.4ms)


Started GET "/" for 127.0.0.1 at 2017-06-05 14:37:49 +0700
Processing by HomeController#index as HTML
  [1m[36mUser Load (2.0ms)[0m  [1m[34mSELECT  "users".* FROM "users" WHERE "users"."id" = $1 ORDER BY "users"."id" ASC LIMIT $2[0m  [["id", 9], ["LIMIT", 1]]
  Rendering home/index.html.erb within layouts/application
  Rendered partials/_breadcrumb.html.erb (0.5ms) [cache miss]
  Rendered home/index.html.erb within layouts/application (2.5ms)
  Rendered partials/_navbar.html.erb (0.8ms) [cache miss]
  Rendered partials/_side_bar.html.erb (0.6ms) [cache miss]
Completed 200 OK in 87ms (Views: 72.3ms | ActiveRecord: 2.0ms)


Started GET "/" for 127.0.0.1 at 2017-06-05 14:41:42 +0700
Processing by HomeController#index as HTML
  [1m[36mUser Load (0.5ms)[0m  [1m[34mSELECT  "users".* FROM "users" WHERE "users"."id" = $1 ORDER BY "users"."id" ASC LIMIT $2[0m  [["id", 9], ["LIMIT", 1]]
  Rendering home/index.html.erb within layouts/application
  Rendered partials/_breadcrumb.html.erb (0.5ms) [cache miss]
  Rendered home/index.html.erb within layouts/application (2.4ms)
  Rendered partials/_navbar.html.erb (1.1ms) [cache miss]
  Rendered partials/_side_bar.html.erb (0.8ms) [cache miss]
Completed 200 OK in 94ms (Views: 65.2ms | ActiveRecord: 3.6ms)


Started DELETE "/users/sign_out" for 127.0.0.1 at 2017-06-05 14:41:45 +0700
Processing by Devise::SessionsController#destroy as HTML
  Parameters: {"authenticity_token"=>"sHFMB3wMYf51fjnCqHb+UrS5CqJyNw3GqN7UyL+35ZzQe7bKghOY09pdrNFxOaGpcPJn4N2TUse6Mx3YQTZAww=="}
  [1m[36mUser Load (0.9ms)[0m  [1m[34mSELECT  "users".* FROM "users" WHERE "users"."id" = $1 ORDER BY "users"."id" ASC LIMIT $2[0m  [["id", 9], ["LIMIT", 1]]
  [1m[35m (0.2ms)[0m  [1m[35mBEGIN[0m
  [1m[35m (0.2ms)[0m  [1m[35mCOMMIT[0m
Redirected to http://localhost:3000/
Completed 302 Found in 9ms (ActiveRecord: 1.3ms)


Started GET "/" for 127.0.0.1 at 2017-06-05 14:41:45 +0700
Processing by HomeController#index as HTML
Completed 401 Unauthorized in 1ms (ActiveRecord: 0.0ms)


Started GET "/users/sign_in" for 127.0.0.1 at 2017-06-05 14:41:45 +0700
Processing by Devise::SessionsController#new as HTML
  Rendering devise/sessions/new.html.erb within layouts/application
  Rendered devise/sessions/new.html.erb within layouts/application (1.9ms)
  Rendered partials/_navbar.html.erb (1.0ms) [cache miss]
  Rendered partials/_side_bar.html.erb (1.7ms) [cache miss]
Completed 200 OK in 89ms (Views: 87.0ms | ActiveRecord: 0.0ms)


Started GET "/users/sign_up" for 127.0.0.1 at 2017-06-05 14:42:03 +0700
Processing by Users::RegistrationsController#new as HTML
  Rendering devise/registrations/new.html.erb within layouts/application
  [1m[36mRole Load (1.5ms)[0m  [1m[34mSELECT "roles".* FROM "roles"[0m
  Rendered devise/registrations/new.html.erb within layouts/application (73.3ms)
  Rendered partials/_navbar.html.erb (2.0ms) [cache miss]
  Rendered partials/_side_bar.html.erb (1.3ms) [cache miss]
Completed 200 OK in 213ms (Views: 203.1ms | ActiveRecord: 7.0ms)


Started POST "/users" for 127.0.0.1 at 2017-06-05 14:42:13 +0700
Processing by Users::RegistrationsController#create as HTML
  Parameters: {"utf8"=>"✓", "authenticity_token"=>"FCiau8HVobfq4r25mEXPRKajkgYBqx6H8xnf/EnY/ucl02a2vFEIlfBX24+fqt1Y9S2ugL+OAD5arFq7/a/UtA==", "user"=>{"email"=>"t5@example.com", "password"=>"[FILTERED]", "password_confirmation"=>"[FILTERED]", "role"=>{"id"=>"1"}}, "commit"=>"Create Account"}
Unpermitted parameter: :role
  [1m[35m (0.7ms)[0m  [1m[35mBEGIN[0m
  [1m[36mUser Exists (1.3ms)[0m  [1m[34mSELECT  1 AS one FROM "users" WHERE "users"."email" = $1 LIMIT $2[0m  [["email", "t5@example.com"], ["LIMIT", 1]]
  [1m[35mSQL (1.7ms)[0m  [1m[32mINSERT INTO "users" ("email", "encrypted_password", "created_at", "updated_at") VALUES ($1, $2, $3, $4) RETURNING "id"[0m  [["email", "t5@example.com"], ["encrypted_password", "$2a$11$aP9Jsmz8ULtln9UGc6XIouCbFHg9sPMWPyc6sR.RV1vKWjFxu4bba"], ["created_at", "2017-06-05 07:42:40.620220"], ["updated_at", "2017-06-05 07:42:40.620220"]]
  [1m[36mRole Exists (3.6ms)[0m  [1m[34mSELECT  1 AS one FROM "roles" INNER JOIN "users_roles" ON "roles"."id" = "users_roles"."role_id" WHERE "users_roles"."user_id" = $1 LIMIT $2[0m  [["user_id", 10], ["LIMIT", 1]]
  [1m[36mRole Load (1.8ms)[0m  [1m[34mSELECT  "roles".* FROM "roles" WHERE "roles"."name" = $1 AND "roles"."resource_type" IS NULL AND "roles"."resource_id" IS NULL ORDER BY "roles"."id" ASC LIMIT $2[0m  [["name", "student"], ["LIMIT", 1]]
  [1m[36mRole Exists (9.5ms)[0m  [1m[34mSELECT  1 AS one FROM "roles" INNER JOIN "users_roles" ON "roles"."id" = "users_roles"."role_id" WHERE "users_roles"."user_id" = $1 AND "roles"."id" = $2 LIMIT $3[0m  [["user_id", 10], ["id", 2], ["LIMIT", 1]]
  [1m[35m (1.4ms)[0m  [1m[34mSELECT "roles".id FROM "roles" INNER JOIN "users_roles" ON "roles"."id" = "users_roles"."role_id" WHERE "users_roles"."user_id" = $1[0m  [["user_id", 10]]
  [1m[36mRole Load (2.1ms)[0m  [1m[34mSELECT "roles".* FROM "roles" WHERE "roles"."id" = 2[0m
  [1m[36mRole Load (2.5ms)[0m  [1m[34mSELECT "roles".* FROM "roles" INNER JOIN "users_roles" ON "roles"."id" = "users_roles"."role_id" WHERE "users_roles"."user_id" = $1[0m  [["user_id", 10]]
  [1m[35mSQL (1.2ms)[0m  [1m[32mINSERT INTO "users_roles" ("user_id", "role_id") VALUES ($1, $2)[0m  [["user_id", 10], ["role_id", 2]]
  [1m[35m (4.9ms)[0m  [1m[35mCOMMIT[0m
  [1m[35m (1.0ms)[0m  [1m[35mBEGIN[0m
  [1m[35mSQL (1.4ms)[0m  [1m[33mUPDATE "users" SET "sign_in_count" = $1, "current_sign_in_at" = $2, "last_sign_in_at" = $3, "current_sign_in_ip" = $4, "last_sign_in_ip" = $5, "updated_at" = $6 WHERE "users"."id" = $7[0m  [["sign_in_count", 1], ["current_sign_in_at", "2017-06-05 07:42:41.120147"], ["last_sign_in_at", "2017-06-05 07:42:41.120147"], ["current_sign_in_ip", "127.0.0.1/32"], ["last_sign_in_ip", "127.0.0.1/32"], ["updated_at", "2017-06-05 07:42:41.130372"], ["id", 10]]
  [1m[35m (3.8ms)[0m  [1m[35mCOMMIT[0m
Redirected to http://localhost:3000/
Completed 302 Found in 31130ms (ActiveRecord: 42.3ms)


Started GET "/" for 127.0.0.1 at 2017-06-05 14:42:44 +0700
Processing by HomeController#index as HTML
  [1m[36mUser Load (1.2ms)[0m  [1m[34mSELECT  "users".* FROM "users" WHERE "users"."id" = $1 ORDER BY "users"."id" ASC LIMIT $2[0m  [["id", 10], ["LIMIT", 1]]
  Rendering home/index.html.erb within layouts/application
  Rendered partials/_breadcrumb.html.erb (0.5ms) [cache miss]
  Rendered home/index.html.erb within layouts/application (2.9ms)
  Rendered partials/_navbar.html.erb (1.7ms) [cache miss]
  Rendered partials/_side_bar.html.erb (2.5ms) [cache miss]
Completed 200 OK in 108ms (Views: 101.2ms | ActiveRecord: 1.2ms)


Started DELETE "/users/sign_out" for 127.0.0.1 at 2017-06-05 14:43:05 +0700
Processing by Devise::SessionsController#destroy as HTML
  Parameters: {"authenticity_token"=>"K+/lePOgFgBxjhgJu+1Pj+jCrObrsmIiabSC/w/ILtgah7OQIAY0XPFJk00L7bzu6XRdx3C4tJmdcHCN1rhgqA=="}
  [1m[36mUser Load (0.6ms)[0m  [1m[34mSELECT  "users".* FROM "users" WHERE "users"."id" = $1 ORDER BY "users"."id" ASC LIMIT $2[0m  [["id", 10], ["LIMIT", 1]]
  [1m[35m (0.3ms)[0m  [1m[35mBEGIN[0m
  [1m[35m (1.5ms)[0m  [1m[35mCOMMIT[0m
Redirected to http://localhost:3000/
Completed 302 Found in 10ms (ActiveRecord: 2.4ms)


Started GET "/" for 127.0.0.1 at 2017-06-05 14:43:05 +0700
Processing by HomeController#index as HTML
Completed 401 Unauthorized in 1ms (ActiveRecord: 0.0ms)


Started GET "/users/sign_in" for 127.0.0.1 at 2017-06-05 14:43:05 +0700
Processing by Devise::SessionsController#new as HTML
  Rendering devise/sessions/new.html.erb within layouts/application
  Rendered devise/sessions/new.html.erb within layouts/application (1.7ms)
  Rendered partials/_navbar.html.erb (1.1ms) [cache miss]
  Rendered partials/_side_bar.html.erb (1.2ms) [cache miss]
Completed 200 OK in 79ms (Views: 78.1ms | ActiveRecord: 0.0ms)


Started GET "/users/sign_up" for 127.0.0.1 at 2017-06-05 14:43:07 +0700
Processing by Users::RegistrationsController#new as HTML
  Rendering devise/registrations/new.html.erb within layouts/application
  [1m[36mRole Load (0.7ms)[0m  [1m[34mSELECT "roles".* FROM "roles"[0m
  Rendered devise/registrations/new.html.erb within layouts/application (11.4ms)
  Rendered partials/_navbar.html.erb (1.4ms) [cache miss]
  Rendered partials/_side_bar.html.erb (1.1ms) [cache miss]
Completed 200 OK in 108ms (Views: 105.7ms | ActiveRecord: 0.7ms)


Started GET "/users/sign_up" for 127.0.0.1 at 2017-06-05 14:43:30 +0700
Processing by Users::RegistrationsController#new as HTML
  Rendering devise/registrations/new.html.erb within layouts/application
  [1m[36mRole Load (0.3ms)[0m  [1m[34mSELECT "roles".* FROM "roles"[0m
  Rendered devise/registrations/new.html.erb within layouts/application (17.5ms)
  Rendered partials/_navbar.html.erb (1.1ms) [cache miss]
  Rendered partials/_side_bar.html.erb (0.6ms) [cache miss]
Completed 200 OK in 108ms (Views: 83.0ms | ActiveRecord: 6.6ms)


Started POST "/users" for 127.0.0.1 at 2017-06-05 14:43:41 +0700
Processing by Users::RegistrationsController#create as HTML
  Parameters: {"utf8"=>"✓", "authenticity_token"=>"Q7gBKzESl4P6Z1MOvuZKSfDqprE7qkTNea2DwKLrWuWFgI4qo2DX4RXmAzkBlLR9j8vVqUrITQwFNpqZG+ypLQ==", "user"=>{"email"=>"t6@example.com", "password"=>"[FILTERED]", "password_confirmation"=>"[FILTERED]", "role"=>{"id"=>"1"}}, "commit"=>"Create Account"}
Unpermitted parameter: :role
  [1m[35m (0.2ms)[0m  [1m[35mBEGIN[0m
  [1m[36mUser Exists (0.3ms)[0m  [1m[34mSELECT  1 AS one FROM "users" WHERE "users"."email" = $1 LIMIT $2[0m  [["email", "t6@example.com"], ["LIMIT", 1]]
  [1m[35mSQL (0.3ms)[0m  [1m[32mINSERT INTO "users" ("email", "encrypted_password", "created_at", "updated_at") VALUES ($1, $2, $3, $4) RETURNING "id"[0m  [["email", "t6@example.com"], ["encrypted_password", "$2a$11$V3ikxol5zNq9tM8IPGiSq.L5QKqdIBmqnFVhhnDiUe6Cjia/c5CrW"], ["created_at", "2017-06-05 07:43:41.275075"], ["updated_at", "2017-06-05 07:43:41.275075"]]
  [1m[36mRole Exists (0.4ms)[0m  [1m[34mSELECT  1 AS one FROM "roles" INNER JOIN "users_roles" ON "roles"."id" = "users_roles"."role_id" WHERE "users_roles"."user_id" = $1 LIMIT $2[0m  [["user_id", 11], ["LIMIT", 1]]
  [1m[36mRole Load (0.3ms)[0m  [1m[34mSELECT  "roles".* FROM "roles" WHERE "roles"."name" = $1 AND "roles"."resource_type" IS NULL AND "roles"."resource_id" IS NULL ORDER BY "roles"."id" ASC LIMIT $2[0m  [["name", "student"], ["LIMIT", 1]]
  [1m[36mRole Exists (0.4ms)[0m  [1m[34mSELECT  1 AS one FROM "roles" INNER JOIN "users_roles" ON "roles"."id" = "users_roles"."role_id" WHERE "users_roles"."user_id" = $1 AND "roles"."id" = $2 LIMIT $3[0m  [["user_id", 11], ["id", 2], ["LIMIT", 1]]
  [1m[35m (0.6ms)[0m  [1m[34mSELECT "roles".id FROM "roles" INNER JOIN "users_roles" ON "roles"."id" = "users_roles"."role_id" WHERE "users_roles"."user_id" = $1[0m  [["user_id", 11]]
  [1m[36mRole Load (2.7ms)[0m  [1m[34mSELECT "roles".* FROM "roles" WHERE "roles"."id" = 2[0m
  [1m[36mRole Load (0.6ms)[0m  [1m[34mSELECT "roles".* FROM "roles" INNER JOIN "users_roles" ON "roles"."id" = "users_roles"."role_id" WHERE "users_roles"."user_id" = $1[0m  [["user_id", 11]]
  [1m[35mSQL (0.3ms)[0m  [1m[32mINSERT INTO "users_roles" ("user_id", "role_id") VALUES ($1, $2)[0m  [["user_id", 11], ["role_id", 2]]
  [1m[35m (1.2ms)[0m  [1m[35mCOMMIT[0m
  [1m[35m (0.2ms)[0m  [1m[35mBEGIN[0m
  [1m[35mSQL (1.1ms)[0m  [1m[33mUPDATE "users" SET "sign_in_count" = $1, "current_sign_in_at" = $2, "last_sign_in_at" = $3, "current_sign_in_ip" = $4, "last_sign_in_ip" = $5, "updated_at" = $6 WHERE "users"."id" = $7[0m  [["sign_in_count", 1], ["current_sign_in_at", "2017-06-05 07:43:41.300366"], ["last_sign_in_at", "2017-06-05 07:43:41.300366"], ["current_sign_in_ip", "127.0.0.1/32"], ["last_sign_in_ip", "127.0.0.1/32"], ["updated_at", "2017-06-05 07:43:41.301474"], ["id", 11]]
  [1m[35m (0.6ms)[0m  [1m[35mCOMMIT[0m
Redirected to http://localhost:3000/
Completed 302 Found in 179ms (ActiveRecord: 10.9ms)


Started GET "/" for 127.0.0.1 at 2017-06-05 14:43:41 +0700
Processing by HomeController#index as HTML
  [1m[36mUser Load (1.9ms)[0m  [1m[34mSELECT  "users".* FROM "users" WHERE "users"."id" = $1 ORDER BY "users"."id" ASC LIMIT $2[0m  [["id", 11], ["LIMIT", 1]]
  Rendering home/index.html.erb within layouts/application
  Rendered partials/_breadcrumb.html.erb (0.4ms) [cache miss]
  Rendered home/index.html.erb within layouts/application (2.3ms)
  Rendered partials/_navbar.html.erb (1.7ms) [cache miss]
  Rendered partials/_side_bar.html.erb (0.9ms) [cache miss]
Completed 200 OK in 91ms (Views: 75.8ms | ActiveRecord: 1.9ms)


Started DELETE "/users/sign_out" for 127.0.0.1 at 2017-06-05 14:47:25 +0700
  
ArgumentError (No association found for name `role'. Has it been defined yet?):
  
app/models/user.rb:10:in `<class:User>'
app/models/user.rb:1:in `<top (required)>'
config/routes.rb:3:in `block in <top (required)>'
config/routes.rb:1:in `<top (required)>'
Started DELETE "/users/sign_out" for 127.0.0.1 at 2017-06-05 14:47:29 +0700
  
ActionController::RoutingError (No route matches [DELETE] "/users/sign_out"):
  
actionpack (5.1.1) lib/action_dispatch/middleware/debug_exceptions.rb:63:in `call'
web-console (3.5.1) lib/web_console/middleware.rb:135:in `call_app'
web-console (3.5.1) lib/web_console/middleware.rb:28:in `block in call'
web-console (3.5.1) lib/web_console/middleware.rb:18:in `catch'
web-console (3.5.1) lib/web_console/middleware.rb:18:in `call'
actionpack (5.1.1) lib/action_dispatch/middleware/show_exceptions.rb:31:in `call'
railties (5.1.1) lib/rails/rack/logger.rb:36:in `call_app'
railties (5.1.1) lib/rails/rack/logger.rb:24:in `block in call'
activesupport (5.1.1) lib/active_support/tagged_logging.rb:69:in `block in tagged'
activesupport (5.1.1) lib/active_support/tagged_logging.rb:26:in `tagged'
activesupport (5.1.1) lib/active_support/tagged_logging.rb:69:in `tagged'
railties (5.1.1) lib/rails/rack/logger.rb:24:in `call'
sprockets-rails (3.2.0) lib/sprockets/rails/quiet_assets.rb:13:in `call'
actionpack (5.1.1) lib/action_dispatch/middleware/remote_ip.rb:79:in `call'
actionpack (5.1.1) lib/action_dispatch/middleware/request_id.rb:25:in `call'
rack (2.0.3) lib/rack/method_override.rb:22:in `call'
rack (2.0.3) lib/rack/runtime.rb:22:in `call'
activesupport (5.1.1) lib/active_support/cache/strategy/local_cache_middleware.rb:27:in `call'
actionpack (5.1.1) lib/action_dispatch/middleware/executor.rb:12:in `call'
actionpack (5.1.1) lib/action_dispatch/middleware/static.rb:125:in `call'
rack (2.0.3) lib/rack/sendfile.rb:111:in `call'
railties (5.1.1) lib/rails/engine.rb:522:in `call'
puma (3.9.0) lib/puma/configuration.rb:224:in `call'
puma (3.9.0) lib/puma/server.rb:602:in `handle_request'
puma (3.9.0) lib/puma/server.rb:435:in `process_client'
puma (3.9.0) lib/puma/server.rb:299:in `block in run'
puma (3.9.0) lib/puma/thread_pool.rb:120:in `block in spawn_thread'
Started DELETE "/users/sign_out" for 127.0.0.1 at 2017-06-05 14:47:40 +0700
Processing by Devise::SessionsController#destroy as HTML
  Parameters: {"authenticity_token"=>"arSwTY1nwfiE1+04paS5NaoDqs8H4GWpziNFbbKZHuSsjD9MHxWBmmtWvQ8a1kcB1SLZ13aCbGiyuFw0C57tLA=="}
  [1m[36mUser Load (0.5ms)[0m  [1m[34mSELECT  "users".* FROM "users" WHERE "users"."id" = $1 ORDER BY "users"."id" ASC LIMIT $2[0m  [["id", 11], ["LIMIT", 1]]
  [1m[35m (0.2ms)[0m  [1m[35mBEGIN[0m
  [1m[35m (0.1ms)[0m  [1m[35mCOMMIT[0m
Redirected to http://localhost:3000/
Completed 302 Found in 47ms (ActiveRecord: 10.8ms)


Started GET "/" for 127.0.0.1 at 2017-06-05 14:47:40 +0700
Processing by HomeController#index as HTML
Completed 401 Unauthorized in 1ms (ActiveRecord: 0.0ms)


Started GET "/users/sign_in" for 127.0.0.1 at 2017-06-05 14:47:40 +0700
Processing by Devise::SessionsController#new as HTML
  Rendering devise/sessions/new.html.erb within layouts/application
  Rendered devise/sessions/new.html.erb within layouts/application (2.7ms)
  Rendered partials/_navbar.html.erb (1.4ms) [cache miss]
  Rendered partials/_side_bar.html.erb (2.6ms) [cache miss]
Completed 200 OK in 133ms (Views: 131.1ms | ActiveRecord: 0.0ms)


Started GET "/users/sign_up" for 127.0.0.1 at 2017-06-05 14:47:42 +0700
Processing by Users::RegistrationsController#new as HTML
  Rendering devise/registrations/new.html.erb within layouts/application
  [1m[36mRole Load (0.8ms)[0m  [1m[34mSELECT "roles".* FROM "roles"[0m
  Rendered devise/registrations/new.html.erb within layouts/application (37.5ms)
  Rendered partials/_navbar.html.erb (0.7ms) [cache miss]
  Rendered partials/_side_bar.html.erb (0.6ms) [cache miss]
Completed 200 OK in 119ms (Views: 110.6ms | ActiveRecord: 6.4ms)


Started POST "/users" for 127.0.0.1 at 2017-06-05 14:47:52 +0700
Processing by Users::RegistrationsController#create as HTML
  Parameters: {"utf8"=>"✓", "authenticity_token"=>"mD+S7PyFHRg+GoiLfRqJ/6cANBbaQ56QVt2fRbct/oKEMALv8soaCwgNwiHf7Pwo3VEWDHxtMrJgK5DsCXsphQ==", "user"=>{"email"=>"t7@example.com", "password"=>"[FILTERED]", "password_confirmation"=>"[FILTERED]", "role"=>{"id"=>"1"}}, "commit"=>"Create Account"}
Unpermitted parameter: :role
  [1m[35m (0.1ms)[0m  [1m[35mBEGIN[0m
  [1m[36mUser Exists (0.3ms)[0m  [1m[34mSELECT  1 AS one FROM "users" WHERE "users"."email" = $1 LIMIT $2[0m  [["email", "t7@example.com"], ["LIMIT", 1]]
  [1m[35mSQL (0.7ms)[0m  [1m[32mINSERT INTO "users" ("email", "encrypted_password", "created_at", "updated_at") VALUES ($1, $2, $3, $4) RETURNING "id"[0m  [["email", "t7@example.com"], ["encrypted_password", "$2a$11$A5A.V8kB66JS000iaoRJLeB46dLJ/mVdYT6rd/ZSWsiKhLFimB/2a"], ["created_at", "2017-06-05 07:47:53.092236"], ["updated_at", "2017-06-05 07:47:53.092236"]]
  [1m[36mRole Exists (0.5ms)[0m  [1m[34mSELECT  1 AS one FROM "roles" INNER JOIN "users_roles" ON "roles"."id" = "users_roles"."role_id" WHERE "users_roles"."user_id" = $1 LIMIT $2[0m  [["user_id", 12], ["LIMIT", 1]]
  [1m[36mRole Load (0.4ms)[0m  [1m[34mSELECT  "roles".* FROM "roles" WHERE "roles"."name" = $1 AND "roles"."resource_type" IS NULL AND "roles"."resource_id" IS NULL ORDER BY "roles"."id" ASC LIMIT $2[0m  [["name", "student"], ["LIMIT", 1]]
  [1m[36mRole Exists (0.4ms)[0m  [1m[34mSELECT  1 AS one FROM "roles" INNER JOIN "users_roles" ON "roles"."id" = "users_roles"."role_id" WHERE "users_roles"."user_id" = $1 AND "roles"."id" = $2 LIMIT $3[0m  [["user_id", 12], ["id", 2], ["LIMIT", 1]]
  [1m[35m (0.4ms)[0m  [1m[34mSELECT "roles".id FROM "roles" INNER JOIN "users_roles" ON "roles"."id" = "users_roles"."role_id" WHERE "users_roles"."user_id" = $1[0m  [["user_id", 12]]
  [1m[36mRole Load (0.3ms)[0m  [1m[34mSELECT "roles".* FROM "roles" WHERE "roles"."id" = 2[0m
  [1m[36mRole Load (0.6ms)[0m  [1m[34mSELECT "roles".* FROM "roles" INNER JOIN "users_roles" ON "roles"."id" = "users_roles"."role_id" WHERE "users_roles"."user_id" = $1[0m  [["user_id", 12]]
  [1m[35mSQL (0.3ms)[0m  [1m[32mINSERT INTO "users_roles" ("user_id", "role_id") VALUES ($1, $2)[0m  [["user_id", 12], ["role_id", 2]]
  [1m[35m (1.2ms)[0m  [1m[35mCOMMIT[0m
  [1m[35m (0.2ms)[0m  [1m[35mBEGIN[0m
  [1m[35mSQL (0.4ms)[0m  [1m[33mUPDATE "users" SET "sign_in_count" = $1, "current_sign_in_at" = $2, "last_sign_in_at" = $3, "current_sign_in_ip" = $4, "last_sign_in_ip" = $5, "updated_at" = $6 WHERE "users"."id" = $7[0m  [["sign_in_count", 1], ["current_sign_in_at", "2017-06-05 07:47:53.117589"], ["last_sign_in_at", "2017-06-05 07:47:53.117589"], ["current_sign_in_ip", "127.0.0.1/32"], ["last_sign_in_ip", "127.0.0.1/32"], ["updated_at", "2017-06-05 07:47:53.118252"], ["id", 12]]
  [1m[35m (0.4ms)[0m  [1m[35mCOMMIT[0m
Redirected to http://localhost:3000/
Completed 302 Found in 174ms (ActiveRecord: 8.3ms)


Started GET "/" for 127.0.0.1 at 2017-06-05 14:47:53 +0700
Processing by HomeController#index as HTML
  [1m[36mUser Load (0.4ms)[0m  [1m[34mSELECT  "users".* FROM "users" WHERE "users"."id" = $1 ORDER BY "users"."id" ASC LIMIT $2[0m  [["id", 12], ["LIMIT", 1]]
  Rendering home/index.html.erb within layouts/application
  Rendered partials/_breadcrumb.html.erb (0.9ms) [cache miss]
  Rendered home/index.html.erb within layouts/application (3.5ms)
  Rendered partials/_navbar.html.erb (0.9ms) [cache miss]
  Rendered partials/_side_bar.html.erb (1.3ms) [cache miss]
Completed 200 OK in 59ms (Views: 55.2ms | ActiveRecord: 0.4ms)


Started DELETE "/users/sign_out" for 127.0.0.1 at 2017-06-05 14:50:18 +0700
  [1m[35m (2.8ms)[0m  [1m[34mSELECT "schema_migrations"."version" FROM "schema_migrations" ORDER BY "schema_migrations"."version" ASC[0m
Processing by Devise::SessionsController#destroy as HTML
  Parameters: {"authenticity_token"=>"C/BdVxsD4xmolZ3e2iXdPSnRqKdu3eLsF8lCMBqXQmDPJnmK6ca0fq3hmvF1YPcViJSlr/A8Z6IxFIg/zfWhLQ=="}
  [1m[36mUser Load (0.7ms)[0m  [1m[34mSELECT  "users".* FROM "users" WHERE "users"."id" = $1 ORDER BY "users"."id" ASC LIMIT $2[0m  [["id", 12], ["LIMIT", 1]]
  [1m[35m (0.7ms)[0m  [1m[35mBEGIN[0m
  [1m[35m (0.7ms)[0m  [1m[35mCOMMIT[0m
Redirected to http://localhost:3000/
Completed 302 Found in 138ms (ActiveRecord: 10.8ms)


Started GET "/" for 127.0.0.1 at 2017-06-05 14:50:19 +0700
Processing by HomeController#index as HTML
Completed 401 Unauthorized in 11ms (ActiveRecord: 0.0ms)


Started GET "/users/sign_in" for 127.0.0.1 at 2017-06-05 14:50:19 +0700
Processing by Devise::SessionsController#new as HTML
  Rendering devise/sessions/new.html.erb within layouts/application
  Rendered devise/sessions/new.html.erb within layouts/application (36.7ms)
  Rendered partials/_navbar.html.erb (1.0ms) [cache miss]
  Rendered partials/_side_bar.html.erb (0.9ms) [cache miss]
Completed 200 OK in 604ms (Views: 594.7ms | ActiveRecord: 0.0ms)


Started GET "/users/sign_up" for 127.0.0.1 at 2017-06-05 14:50:22 +0700
Processing by Users::RegistrationsController#new as HTML
  Rendering devise/registrations/new.html.erb within layouts/application
  [1m[36mRole Load (2.2ms)[0m  [1m[34mSELECT "roles".* FROM "roles"[0m
  Rendered devise/registrations/new.html.erb within layouts/application (76.5ms)
  Rendered partials/_navbar.html.erb (2.0ms) [cache miss]
  Rendered partials/_side_bar.html.erb (1.3ms) [cache miss]
Completed 200 OK in 284ms (Views: 273.6ms | ActiveRecord: 7.0ms)


Started POST "/users" for 127.0.0.1 at 2017-06-05 14:50:31 +0700
Processing by Users::RegistrationsController#create as HTML
  Parameters: {"utf8"=>"✓", "authenticity_token"=>"O0KI/k3cvaIqbTR9mIbd0iyw20WLvP5zlGOpWSQQFbicrERllJwQ9YAH6O4/3QFBhKnfzd44bykzWlfihHEwYQ==", "user"=>{"email"=>"ur@example.com", "password"=>"[FILTERED]", "password_confirmation"=>"[FILTERED]", "role"=>{"id"=>"1"}}, "commit"=>"Create Account"}
Unpermitted parameter: :role
Unpermitted parameter: :role
Unpermitted parameter: :role
  [1m[35m (1.1ms)[0m  [1m[35mBEGIN[0m
  [1m[36mUser Exists (0.7ms)[0m  [1m[34mSELECT  1 AS one FROM "users" WHERE "users"."email" = $1 LIMIT $2[0m  [["email", "ur@example.com"], ["LIMIT", 1]]
  [1m[35mSQL (7.3ms)[0m  [1m[32mINSERT INTO "users" ("email", "encrypted_password", "created_at", "updated_at") VALUES ($1, $2, $3, $4) RETURNING "id"[0m  [["email", "ur@example.com"], ["encrypted_password", "$2a$11$5ojLcwcXuluo6gxSyQrNZ.oOQxAT3h8yFsi8PIHEriBHMeBKL3x.e"], ["created_at", "2017-06-05 07:53:47.369646"], ["updated_at", "2017-06-05 07:53:47.369646"]]
  [1m[36mRole Exists (0.7ms)[0m  [1m[34mSELECT  1 AS one FROM "roles" INNER JOIN "users_roles" ON "roles"."id" = "users_roles"."role_id" WHERE "users_roles"."user_id" = $1 LIMIT $2[0m  [["user_id", 13], ["LIMIT", 1]]
  [1m[36mRole Load (0.6ms)[0m  [1m[34mSELECT  "roles".* FROM "roles" WHERE "roles"."name" = $1 AND "roles"."resource_type" IS NULL AND "roles"."resource_id" IS NULL ORDER BY "roles"."id" ASC LIMIT $2[0m  [["name", "student"], ["LIMIT", 1]]
  [1m[36mRole Exists (6.6ms)[0m  [1m[34mSELECT  1 AS one FROM "roles" INNER JOIN "users_roles" ON "roles"."id" = "users_roles"."role_id" WHERE "users_roles"."user_id" = $1 AND "roles"."id" = $2 LIMIT $3[0m  [["user_id", 13], ["id", 2], ["LIMIT", 1]]
  [1m[35m (0.7ms)[0m  [1m[34mSELECT "roles".id FROM "roles" INNER JOIN "users_roles" ON "roles"."id" = "users_roles"."role_id" WHERE "users_roles"."user_id" = $1[0m  [["user_id", 13]]
  [1m[36mRole Load (1.1ms)[0m  [1m[34mSELECT "roles".* FROM "roles" WHERE "roles"."id" = 2[0m
  [1m[36mRole Load (0.4ms)[0m  [1m[34mSELECT "roles".* FROM "roles" INNER JOIN "users_roles" ON "roles"."id" = "users_roles"."role_id" WHERE "users_roles"."user_id" = $1[0m  [["user_id", 13]]
  [1m[35mSQL (0.4ms)[0m  [1m[32mINSERT INTO "users_roles" ("user_id", "role_id") VALUES ($1, $2)[0m  [["user_id", 13], ["role_id", 2]]
  [1m[35m (18.8ms)[0m  [1m[35mCOMMIT[0m
  [1m[35m (0.1ms)[0m  [1m[35mBEGIN[0m
  [1m[35mSQL (0.7ms)[0m  [1m[33mUPDATE "users" SET "sign_in_count" = $1, "current_sign_in_at" = $2, "last_sign_in_at" = $3, "current_sign_in_ip" = $4, "last_sign_in_ip" = $5, "updated_at" = $6 WHERE "users"."id" = $7[0m  [["sign_in_count", 1], ["current_sign_in_at", "2017-06-05 07:53:47.488313"], ["last_sign_in_at", "2017-06-05 07:53:47.488313"], ["current_sign_in_ip", "127.0.0.1/32"], ["last_sign_in_ip", "127.0.0.1/32"], ["updated_at", "2017-06-05 07:53:47.489238"], ["id", 13]]
  [1m[35m (0.4ms)[0m  [1m[35mCOMMIT[0m
Redirected to http://localhost:3000/
Completed 302 Found in 196099ms (ActiveRecord: 45.1ms)


Started GET "/" for 127.0.0.1 at 2017-06-05 14:53:47 +0700
Processing by HomeController#index as HTML
  [1m[36mUser Load (0.6ms)[0m  [1m[34mSELECT  "users".* FROM "users" WHERE "users"."id" = $1 ORDER BY "users"."id" ASC LIMIT $2[0m  [["id", 13], ["LIMIT", 1]]
  Rendering home/index.html.erb within layouts/application
  Rendered partials/_breadcrumb.html.erb (0.6ms) [cache miss]
  Rendered home/index.html.erb within layouts/application (3.8ms)
  Rendered partials/_navbar.html.erb (2.3ms) [cache miss]
  Rendered partials/_side_bar.html.erb (1.8ms) [cache miss]
Completed 200 OK in 191ms (Views: 135.6ms | ActiveRecord: 8.6ms)


Started DELETE "/users/sign_out" for 127.0.0.1 at 2017-06-05 14:53:51 +0700
Processing by Devise::SessionsController#destroy as HTML
  Parameters: {"authenticity_token"=>"PB0KPi3pCzQma5+cuZApl/6X9v/WTot6qTfpDqoz0gCro31y9Hj+1Odsud1sH3Wb48sIfNuxCliae6mdWUwnSg=="}
  [1m[36mUser Load (0.6ms)[0m  [1m[34mSELECT  "users".* FROM "users" WHERE "users"."id" = $1 ORDER BY "users"."id" ASC LIMIT $2[0m  [["id", 13], ["LIMIT", 1]]
  [1m[35m (1.2ms)[0m  [1m[35mBEGIN[0m
  [1m[35m (1.4ms)[0m  [1m[35mCOMMIT[0m
Redirected to http://localhost:3000/
Completed 302 Found in 13ms (ActiveRecord: 3.1ms)


Started GET "/" for 127.0.0.1 at 2017-06-05 14:53:51 +0700
Processing by HomeController#index as HTML
Completed 401 Unauthorized in 1ms (ActiveRecord: 0.0ms)


Started GET "/users/sign_in" for 127.0.0.1 at 2017-06-05 14:53:51 +0700
Processing by Devise::SessionsController#new as HTML
  Rendering devise/sessions/new.html.erb within layouts/application
  Rendered devise/sessions/new.html.erb within layouts/application (3.2ms)
  Rendered partials/_navbar.html.erb (2.0ms) [cache miss]
  Rendered partials/_side_bar.html.erb (2.4ms) [cache miss]
Completed 200 OK in 146ms (Views: 143.6ms | ActiveRecord: 0.0ms)


Started GET "/users/sign_up" for 127.0.0.1 at 2017-06-05 14:53:54 +0700
Processing by Users::RegistrationsController#new as HTML
  Rendering devise/registrations/new.html.erb within layouts/application
  [1m[36mRole Load (3.3ms)[0m  [1m[34mSELECT "roles".* FROM "roles"[0m
  Rendered devise/registrations/new.html.erb within layouts/application (43.0ms)
  Rendered partials/_navbar.html.erb (1.4ms) [cache miss]
  Rendered partials/_side_bar.html.erb (2.2ms) [cache miss]
Completed 200 OK in 151ms (Views: 140.8ms | ActiveRecord: 8.9ms)


Started GET "/users/sign_up" for 127.0.0.1 at 2017-06-05 14:53:55 +0700
Processing by Users::RegistrationsController#new as HTML
  Rendering devise/registrations/new.html.erb within layouts/application
  [1m[36mRole Load (0.2ms)[0m  [1m[34mSELECT "roles".* FROM "roles"[0m
  Rendered devise/registrations/new.html.erb within layouts/application (3.3ms)
  Rendered partials/_navbar.html.erb (1.2ms) [cache miss]
  Rendered partials/_side_bar.html.erb (0.9ms) [cache miss]
Completed 200 OK in 112ms (Views: 110.4ms | ActiveRecord: 0.2ms)


Started POST "/users" for 127.0.0.1 at 2017-06-05 14:54:06 +0700
Processing by Users::RegistrationsController#create as HTML
  Parameters: {"utf8"=>"✓", "authenticity_token"=>"roqQjutlkfmBJUsqu8WfjqHTpJtykJOHrkhhGJsz5G4+l4oqyQpgHXO04xsSP//6J+chJQE9whbltSl0UiM6yQ==", "user"=>{"email"=>"ur2@example.com", "password"=>"[FILTERED]", "password_confirmation"=>"[FILTERED]", "role"=>{"id"=>"1"}}, "commit"=>"Create Account"}
Unpermitted parameter: :role
Unpermitted parameter: :role
Unpermitted parameter: :role
Unpermitted parameter: :role
  [1m[35m (0.8ms)[0m  [1m[35mBEGIN[0m
  [1m[36mUser Exists (3.6ms)[0m  [1m[34mSELECT  1 AS one FROM "users" WHERE "users"."email" = $1 LIMIT $2[0m  [["email", "ur2@example.com"], ["LIMIT", 1]]
  [1m[35mSQL (0.9ms)[0m  [1m[32mINSERT INTO "users" ("email", "encrypted_password", "created_at", "updated_at") VALUES ($1, $2, $3, $4) RETURNING "id"[0m  [["email", "ur2@example.com"], ["encrypted_password", "$2a$11$eY/QjKAcs45ifTyUMLPtZOPkMtHczV9XsDjKsY4BtEbQEfTyqHco2"], ["created_at", "2017-06-05 07:54:14.554358"], ["updated_at", "2017-06-05 07:54:14.554358"]]
  [1m[36mRole Exists (0.8ms)[0m  [1m[34mSELECT  1 AS one FROM "roles" INNER JOIN "users_roles" ON "roles"."id" = "users_roles"."role_id" WHERE "users_roles"."user_id" = $1 LIMIT $2[0m  [["user_id", 14], ["LIMIT", 1]]
  [1m[36mRole Load (0.8ms)[0m  [1m[34mSELECT  "roles".* FROM "roles" WHERE "roles"."name" = $1 AND "roles"."resource_type" IS NULL AND "roles"."resource_id" IS NULL ORDER BY "roles"."id" ASC LIMIT $2[0m  [["name", "student"], ["LIMIT", 1]]
  [1m[36mRole Exists (0.9ms)[0m  [1m[34mSELECT  1 AS one FROM "roles" INNER JOIN "users_roles" ON "roles"."id" = "users_roles"."role_id" WHERE "users_roles"."user_id" = $1 AND "roles"."id" = $2 LIMIT $3[0m  [["user_id", 14], ["id", 2], ["LIMIT", 1]]
  [1m[35m (0.8ms)[0m  [1m[34mSELECT "roles".id FROM "roles" INNER JOIN "users_roles" ON "roles"."id" = "users_roles"."role_id" WHERE "users_roles"."user_id" = $1[0m  [["user_id", 14]]
  [1m[36mRole Load (0.8ms)[0m  [1m[34mSELECT "roles".* FROM "roles" WHERE "roles"."id" = 2[0m
  [1m[36mRole Load (1.3ms)[0m  [1m[34mSELECT "roles".* FROM "roles" INNER JOIN "users_roles" ON "roles"."id" = "users_roles"."role_id" WHERE "users_roles"."user_id" = $1[0m  [["user_id", 14]]
  [1m[35mSQL (0.6ms)[0m  [1m[32mINSERT INTO "users_roles" ("user_id", "role_id") VALUES ($1, $2)[0m  [["user_id", 14], ["role_id", 2]]
  [1m[35m (1.6ms)[0m  [1m[35mCOMMIT[0m
  [1m[35m (0.2ms)[0m  [1m[35mBEGIN[0m
  [1m[35mSQL (0.4ms)[0m  [1m[33mUPDATE "users" SET "sign_in_count" = $1, "current_sign_in_at" = $2, "last_sign_in_at" = $3, "current_sign_in_ip" = $4, "last_sign_in_ip" = $5, "updated_at" = $6 WHERE "users"."id" = $7[0m  [["sign_in_count", 1], ["current_sign_in_at", "2017-06-05 07:54:18.487478"], ["last_sign_in_at", "2017-06-05 07:54:18.487478"], ["current_sign_in_ip", "127.0.0.1/32"], ["last_sign_in_ip", "127.0.0.1/32"], ["updated_at", "2017-06-05 07:54:18.488519"], ["id", 14]]
  [1m[35m (5.9ms)[0m  [1m[35mCOMMIT[0m
Redirected to http://localhost:3000/
Completed 302 Found in 12080ms (ActiveRecord: 25.6ms)


Started GET "/" for 127.0.0.1 at 2017-06-05 14:54:18 +0700
Processing by HomeController#index as HTML
  [1m[36mUser Load (1.1ms)[0m  [1m[34mSELECT  "users".* FROM "users" WHERE "users"."id" = $1 ORDER BY "users"."id" ASC LIMIT $2[0m  [["id", 14], ["LIMIT", 1]]
  Rendering home/index.html.erb within layouts/application
  Rendered partials/_breadcrumb.html.erb (0.6ms) [cache miss]
  Rendered home/index.html.erb within layouts/application (3.3ms)
  Rendered partials/_navbar.html.erb (0.9ms) [cache miss]
  Rendered partials/_side_bar.html.erb (0.7ms) [cache miss]
Completed 200 OK in 98ms (Views: 92.9ms | ActiveRecord: 1.1ms)


Started DELETE "/users/sign_out" for 127.0.0.1 at 2017-06-05 14:55:20 +0700
Processing by Devise::SessionsController#destroy as HTML
  Parameters: {"authenticity_token"=>"VNpt4MD2hiPngkolopWVjbmkpdPKoRCuzjbi2IexGu7Ex3dE4pl3xxUT4hQLb/X5P5AgbbkMQT+Fy6q0TqHESQ=="}
  [1m[36mUser Load (0.8ms)[0m  [1m[34mSELECT  "users".* FROM "users" WHERE "users"."id" = $1 ORDER BY "users"."id" ASC LIMIT $2[0m  [["id", 14], ["LIMIT", 1]]
  [1m[35m (0.5ms)[0m  [1m[35mBEGIN[0m
  [1m[35m (3.4ms)[0m  [1m[35mCOMMIT[0m
Redirected to http://localhost:3000/
Completed 302 Found in 61ms (ActiveRecord: 10.7ms)


Started GET "/" for 127.0.0.1 at 2017-06-05 14:55:20 +0700
Processing by HomeController#index as HTML
Completed 401 Unauthorized in 2ms (ActiveRecord: 0.0ms)


Started GET "/users/sign_in" for 127.0.0.1 at 2017-06-05 14:55:20 +0700
Processing by Devise::SessionsController#new as HTML
  Rendering devise/sessions/new.html.erb within layouts/application
  Rendered devise/sessions/new.html.erb within layouts/application (2.7ms)
  Rendered partials/_navbar.html.erb (0.7ms) [cache miss]
  Rendered partials/_side_bar.html.erb (1.3ms) [cache miss]
Completed 200 OK in 92ms (Views: 90.4ms | ActiveRecord: 0.0ms)


Started GET "/users/sign_up" for 127.0.0.1 at 2017-06-05 14:55:25 +0700
Processing by Users::RegistrationsController#new as HTML
  Rendering devise/registrations/new.html.erb within layouts/application
  [1m[36mRole Load (0.2ms)[0m  [1m[34mSELECT "roles".* FROM "roles"[0m
  Rendered devise/registrations/new.html.erb within layouts/application (27.9ms)
  Rendered partials/_navbar.html.erb (1.3ms) [cache miss]
  Rendered partials/_side_bar.html.erb (0.6ms) [cache miss]
Completed 200 OK in 139ms (Views: 134.1ms | ActiveRecord: 2.5ms)


Started POST "/users" for 127.0.0.1 at 2017-06-05 14:55:43 +0700
Processing by Users::RegistrationsController#create as HTML
  Parameters: {"utf8"=>"✓", "authenticity_token"=>"VYhdoCVlNT6RbN2g4/tWiDskoWEdm10B5/1LGiQd64RaIMhN/YgqtIuleiuseJpfQenENscuMdnoKy9HBmg2iA==", "user"=>{"email"=>"ur3@example.com", "password"=>"[FILTERED]", "password_confirmation"=>"[FILTERED]", "role"=>{"id"=>"1"}}, "commit"=>"Create Account"}
Unpermitted parameter: :role
Unpermitted parameter: :role
Unpermitted parameter: :role
  [1m[35m (0.1ms)[0m  [1m[35mBEGIN[0m
  [1m[36mUser Exists (0.3ms)[0m  [1m[34mSELECT  1 AS one FROM "users" WHERE "users"."email" = $1 LIMIT $2[0m  [["email", "ur3@example.com"], ["LIMIT", 1]]
  [1m[35mSQL (0.3ms)[0m  [1m[32mINSERT INTO "users" ("email", "encrypted_password", "created_at", "updated_at") VALUES ($1, $2, $3, $4) RETURNING "id"[0m  [["email", "ur3@example.com"], ["encrypted_password", "$2a$11$EiV9JIwN/s7DmhXK8rDate7wvh2uR8qc8cPeNf16To3vFwV12mOc2"], ["created_at", "2017-06-05 07:55:43.455922"], ["updated_at", "2017-06-05 07:55:43.455922"]]
  [1m[36mRole Exists (0.6ms)[0m  [1m[34mSELECT  1 AS one FROM "roles" INNER JOIN "users_roles" ON "roles"."id" = "users_roles"."role_id" WHERE "users_roles"."user_id" = $1 LIMIT $2[0m  [["user_id", 15], ["LIMIT", 1]]
  [1m[36mRole Load (0.5ms)[0m  [1m[34mSELECT  "roles".* FROM "roles" WHERE "roles"."name" = $1 AND "roles"."resource_type" IS NULL AND "roles"."resource_id" IS NULL ORDER BY "roles"."id" ASC LIMIT $2[0m  [["name", "student"], ["LIMIT", 1]]
  [1m[36mRole Exists (0.4ms)[0m  [1m[34mSELECT  1 AS one FROM "roles" INNER JOIN "users_roles" ON "roles"."id" = "users_roles"."role_id" WHERE "users_roles"."user_id" = $1 AND "roles"."id" = $2 LIMIT $3[0m  [["user_id", 15], ["id", 2], ["LIMIT", 1]]
  [1m[35m (0.5ms)[0m  [1m[34mSELECT "roles".id FROM "roles" INNER JOIN "users_roles" ON "roles"."id" = "users_roles"."role_id" WHERE "users_roles"."user_id" = $1[0m  [["user_id", 15]]
  [1m[36mRole Load (0.3ms)[0m  [1m[34mSELECT "roles".* FROM "roles" WHERE "roles"."id" = 2[0m
  [1m[36mRole Load (0.5ms)[0m  [1m[34mSELECT "roles".* FROM "roles" INNER JOIN "users_roles" ON "roles"."id" = "users_roles"."role_id" WHERE "users_roles"."user_id" = $1[0m  [["user_id", 15]]
  [1m[35mSQL (0.3ms)[0m  [1m[32mINSERT INTO "users_roles" ("user_id", "role_id") VALUES ($1, $2)[0m  [["user_id", 15], ["role_id", 2]]
  [1m[35m (1.1ms)[0m  [1m[35mCOMMIT[0m
  [1m[35m (0.1ms)[0m  [1m[35mBEGIN[0m
  [1m[35mSQL (0.4ms)[0m  [1m[33mUPDATE "users" SET "sign_in_count" = $1, "current_sign_in_at" = $2, "last_sign_in_at" = $3, "current_sign_in_ip" = $4, "last_sign_in_ip" = $5, "updated_at" = $6 WHERE "users"."id" = $7[0m  [["sign_in_count", 1], ["current_sign_in_at", "2017-06-05 07:55:43.495055"], ["last_sign_in_at", "2017-06-05 07:55:43.495055"], ["current_sign_in_ip", "127.0.0.1/32"], ["last_sign_in_ip", "127.0.0.1/32"], ["updated_at", "2017-06-05 07:55:43.495752"], ["id", 15]]
  [1m[35m (0.4ms)[0m  [1m[35mCOMMIT[0m
  [1m[36mUser Load (1.2ms)[0m  [1m[34mSELECT  "users".* FROM "users" ORDER BY "users"."id" DESC LIMIT $1[0m  [["LIMIT", 1]]
  [1m[36mRole Load (9.7ms)[0m  [1m[34mSELECT  "roles".* FROM "roles" WHERE "roles"."id" = $1 LIMIT $2[0m  [["id", 1], ["LIMIT", 1]]
  [1m[36mRole Load (0.4ms)[0m  [1m[34mSELECT  "roles".* FROM "roles" WHERE "roles"."name" = $1 AND "roles"."resource_type" IS NULL AND "roles"."resource_id" IS NULL ORDER BY "roles"."id" ASC LIMIT $2[0m  [["name", "#<Role:0x007ff65984c1d0>"], ["LIMIT", 1]]
  [1m[35m (0.2ms)[0m  [1m[35mBEGIN[0m
  [1m[35mSQL (2.0ms)[0m  [1m[32mINSERT INTO "roles" ("name", "created_at", "updated_at") VALUES ($1, $2, $3) RETURNING "id"[0m  [["name", "#<Role:0x007ff65984c1d0>"], ["created_at", "2017-06-05 07:56:48.010130"], ["updated_at", "2017-06-05 07:56:48.010130"]]
  [1m[35m (0.9ms)[0m  [1m[35mCOMMIT[0m
  [1m[36mRole Load (0.8ms)[0m  [1m[34mSELECT "roles".* FROM "roles" WHERE "roles"."id" IN (2, 3)[0m
  [1m[35m (0.2ms)[0m  [1m[35mBEGIN[0m
  [1m[35mSQL (0.6ms)[0m  [1m[32mINSERT INTO "users_roles" ("user_id", "role_id") VALUES ($1, $2)[0m  [["user_id", 15], ["role_id", 3]]
  [1m[35m (0.4ms)[0m  [1m[35mCOMMIT[0m
  [1m[36mUser Load (11.7ms)[0m  [1m[34mSELECT  "users".* FROM "users" ORDER BY "users"."id" DESC LIMIT $1[0m  [["LIMIT", 1]]
  [1m[36mCACHE User Load (0.1ms)[0m  [1m[34mSELECT  "users".* FROM "users" ORDER BY "users"."id" DESC LIMIT $1[0m  [["LIMIT", 1]]
  [1m[36mCACHE User Load (0.0ms)[0m  [1m[34mSELECT  "users".* FROM "users" ORDER BY "users"."id" DESC LIMIT $1[0m  [["LIMIT", 1]]
  [1m[36mRole Load (0.6ms)[0m  [1m[34mSELECT  "roles".* FROM "roles" INNER JOIN "users_roles" ON "roles"."id" = "users_roles"."role_id" WHERE "users_roles"."user_id" = $1 LIMIT $2[0m  [["user_id", 15], ["LIMIT", 11]]
  [1m[36mRole Load (1.7ms)[0m  [1m[34mSELECT  "roles".* FROM "roles" WHERE "roles"."id" = $1 LIMIT $2[0m  [["id", 1], ["LIMIT", 1]]
  [1m[36mCACHE Role Load (0.0ms)[0m  [1m[34mSELECT  "roles".* FROM "roles" WHERE "roles"."id" = $1 LIMIT $2[0m  [["id", 1], ["LIMIT", 1]]
  [1m[36mCACHE Role Load (0.0ms)[0m  [1m[34mSELECT  "roles".* FROM "roles" WHERE "roles"."id" = $1 LIMIT $2[0m  [["id", 1], ["LIMIT", 1]]
  [1m[36mCACHE Role Load (0.0ms)[0m  [1m[34mSELECT  "roles".* FROM "roles" WHERE "roles"."id" = $1 LIMIT $2[0m  [["id", 1], ["LIMIT", 1]]
  [1m[36mRole Load (0.6ms)[0m  [1m[34mSELECT  "roles".* FROM "roles" WHERE "roles"."name" = $1 AND "roles"."resource_type" IS NULL AND "roles"."resource_id" IS NULL ORDER BY "roles"."id" ASC LIMIT $2[0m  [["name", "instructor"], ["LIMIT", 1]]
  [1m[36mRole Load (0.5ms)[0m  [1m[34mSELECT "roles".* FROM "roles" WHERE "roles"."id" IN (2, 3, 1)[0m
  [1m[35m (0.2ms)[0m  [1m[35mBEGIN[0m
  [1m[35mSQL (0.3ms)[0m  [1m[32mINSERT INTO "users_roles" ("user_id", "role_id") VALUES ($1, $2)[0m  [["user_id", 15], ["role_id", 1]]
  [1m[35m (1.1ms)[0m  [1m[35mCOMMIT[0m
  [1m[36mUser Load (1.7ms)[0m  [1m[34mSELECT  "users".* FROM "users" ORDER BY "users"."id" DESC LIMIT $1[0m  [["LIMIT", 1]]
  [1m[36mRole Load (0.6ms)[0m  [1m[34mSELECT  "roles".* FROM "roles" INNER JOIN "users_roles" ON "roles"."id" = "users_roles"."role_id" WHERE "users_roles"."user_id" = $1 LIMIT $2[0m  [["user_id", 15], ["LIMIT", 11]]
  [1m[36mCACHE User Load (0.1ms)[0m  [1m[34mSELECT  "users".* FROM "users" ORDER BY "users"."id" DESC LIMIT $1[0m  [["LIMIT", 1]]
  [1m[36mRole Load (0.5ms)[0m  [1m[34mSELECT "roles".* FROM "roles" INNER JOIN "users_roles" ON "roles"."id" = "users_roles"."role_id" WHERE "users_roles"."user_id" = $1[0m  [["user_id", 15]]
  [1m[35m (0.2ms)[0m  [1m[35mBEGIN[0m
  [1m[36mHABTM_Roles Load (0.5ms)[0m  [1m[34mSELECT "users_roles".* FROM "users_roles" WHERE "users_roles"."user_id" = $1 AND "users_roles"."role_id" IN (1, 2, 3)[0m  [["user_id", 15]]
  [1m[35mSQL (0.4ms)[0m  [1m[31mDELETE FROM "users_roles" WHERE "users_roles"."user_id" = $1 AND "users_roles"."role_id" IN (1, 2, 3)[0m  [["user_id", 15]]
  [1m[35m (5.6ms)[0m  [1m[35mCOMMIT[0m
  [1m[36mRole Load (0.7ms)[0m  [1m[34mSELECT  "roles".* FROM "roles" WHERE "roles"."id" = $1 LIMIT $2[0m  [["id", 1], ["LIMIT", 1]]
  [1m[36mRole Load (0.4ms)[0m  [1m[34mSELECT  "roles".* FROM "roles" WHERE "roles"."name" = $1 AND "roles"."resource_type" IS NULL AND "roles"."resource_id" IS NULL ORDER BY "roles"."id" ASC LIMIT $2[0m  [["name", "instructor"], ["LIMIT", 1]]
  [1m[36mUser Load (0.8ms)[0m  [1m[34mSELECT  "users".* FROM "users" ORDER BY "users"."id" DESC LIMIT $1[0m  [["LIMIT", 1]]
  [1m[36mRole Load (0.6ms)[0m  [1m[34mSELECT  "roles".* FROM "roles" INNER JOIN "users_roles" ON "roles"."id" = "users_roles"."role_id" WHERE "users_roles"."user_id" = $1 LIMIT $2[0m  [["user_id", 15], ["LIMIT", 11]]
  [1m[36mCACHE Role Load (0.1ms)[0m  [1m[34mSELECT  "roles".* FROM "roles" WHERE "roles"."id" = $1 LIMIT $2[0m  [["id", 1], ["LIMIT", 1]]
  [1m[36mCACHE Role Load (0.0ms)[0m  [1m[34mSELECT  "roles".* FROM "roles" WHERE "roles"."name" = $1 AND "roles"."resource_type" IS NULL AND "roles"."resource_id" IS NULL ORDER BY "roles"."id" ASC LIMIT $2[0m  [["name", "instructor"], ["LIMIT", 1]]
  [1m[36mCACHE Role Load (0.0ms)[0m  [1m[34mSELECT  "roles".* FROM "roles" WHERE "roles"."id" = $1 LIMIT $2[0m  [["id", 1], ["LIMIT", 1]]
  [1m[36mCACHE Role Load (0.0ms)[0m  [1m[34mSELECT  "roles".* FROM "roles" WHERE "roles"."name" = $1 AND "roles"."resource_type" IS NULL AND "roles"."resource_id" IS NULL ORDER BY "roles"."id" ASC LIMIT $2[0m  [["name", "instructor"], ["LIMIT", 1]]
  [1m[35m (0.7ms)[0m  [1m[35mBEGIN[0m
  [1m[36mHABTM_Roles Load (0.7ms)[0m  [1m[34mSELECT "users_roles".* FROM "users_roles" WHERE "users_roles"."user_id" = $1 AND "users_roles"."role_id" IN (2, 3, 1)[0m  [["user_id", 15]]
  [1m[35mSQL (0.4ms)[0m  [1m[31mDELETE FROM "users_roles" WHERE "users_roles"."user_id" = $1 AND "users_roles"."role_id" IN (2, 3, 1)[0m  [["user_id", 15]]
  [1m[35m (0.2ms)[0m  [1m[35mCOMMIT[0m
  [1m[36mRole Load (0.8ms)[0m  [1m[34mSELECT  "roles".* FROM "roles" WHERE "roles"."id" = $1 LIMIT $2[0m  [["id", 1], ["LIMIT", 1]]
  [1m[36mRole Load (0.5ms)[0m  [1m[34mSELECT  "roles".* FROM "roles" WHERE "roles"."name" = $1 AND "roles"."resource_type" IS NULL AND "roles"."resource_id" IS NULL ORDER BY "roles"."id" ASC LIMIT $2[0m  [["name", "instructor"], ["LIMIT", 1]]
  [1m[36mRole Load (0.5ms)[0m  [1m[34mSELECT "roles".* FROM "roles" WHERE "roles"."id" = 1[0m
  [1m[35m (0.2ms)[0m  [1m[35mBEGIN[0m
  [1m[35mSQL (0.4ms)[0m  [1m[32mINSERT INTO "users_roles" ("user_id", "role_id") VALUES ($1, $2)[0m  [["user_id", 15], ["role_id", 1]]
  [1m[35m (1.1ms)[0m  [1m[35mCOMMIT[0m
  [1m[36mRole Load (1.0ms)[0m  [1m[34mSELECT  "roles".* FROM "roles" WHERE "roles"."id" = $1 LIMIT $2[0m  [["id", 1], ["LIMIT", 1]]
  [1m[36mRole Load (0.4ms)[0m  [1m[34mSELECT  "roles".* FROM "roles" WHERE "roles"."name" = $1 AND "roles"."resource_type" IS NULL AND "roles"."resource_id" IS NULL ORDER BY "roles"."id" ASC LIMIT $2[0m  [["name", "instructor"], ["LIMIT", 1]]
Redirected to http://localhost:3000/
Completed 302 Found in 256846ms (ActiveRecord: 60.6ms)


Started GET "/" for 127.0.0.1 at 2017-06-05 15:00:00 +0700
Processing by HomeController#index as HTML
  [1m[36mUser Load (0.3ms)[0m  [1m[34mSELECT  "users".* FROM "users" WHERE "users"."id" = $1 ORDER BY "users"."id" ASC LIMIT $2[0m  [["id", 15], ["LIMIT", 1]]
  Rendering home/index.html.erb within layouts/application
  Rendered partials/_breadcrumb.html.erb (0.5ms) [cache miss]
  Rendered home/index.html.erb within layouts/application (2.6ms)
  Rendered partials/_navbar.html.erb (1.2ms) [cache miss]
  Rendered partials/_side_bar.html.erb (4.2ms) [cache miss]
Completed 200 OK in 150ms (Views: 105.0ms | ActiveRecord: 3.4ms)


Started DELETE "/users/sign_out" for 127.0.0.1 at 2017-06-05 15:00:19 +0700
Processing by Devise::SessionsController#destroy as HTML
  Parameters: {"authenticity_token"=>"EkDkhKlJ3Pp2qZIM1M2kxDpCJo20YOkoz38BNsfcXRTPfgiD9l7BNTsD2YVHiVKuPWp7bth8mJrGcbafRg91OQ=="}
  [1m[36mUser Load (0.6ms)[0m  [1m[34mSELECT  "users".* FROM "users" WHERE "users"."id" = $1 ORDER BY "users"."id" ASC LIMIT $2[0m  [["id", 15], ["LIMIT", 1]]
  [1m[35m (0.2ms)[0m  [1m[35mBEGIN[0m
  [1m[35m (0.1ms)[0m  [1m[35mCOMMIT[0m
Redirected to http://localhost:3000/
Completed 302 Found in 103ms (ActiveRecord: 9.9ms)


Started GET "/" for 127.0.0.1 at 2017-06-05 15:00:19 +0700
Processing by HomeController#index as HTML
Completed 401 Unauthorized in 2ms (ActiveRecord: 0.0ms)


Started GET "/users/sign_in" for 127.0.0.1 at 2017-06-05 15:00:19 +0700
Processing by Devise::SessionsController#new as HTML
  Rendering devise/sessions/new.html.erb within layouts/application
  Rendered devise/sessions/new.html.erb within layouts/application (3.1ms)
  Rendered partials/_navbar.html.erb (1.4ms) [cache miss]
  Rendered partials/_side_bar.html.erb (2.3ms) [cache miss]
Completed 200 OK in 175ms (Views: 172.9ms | ActiveRecord: 0.0ms)


Started GET "/users/sign_up" for 127.0.0.1 at 2017-06-05 15:00:22 +0700
Processing by Users::RegistrationsController#new as HTML
  Rendering devise/registrations/new.html.erb within layouts/application
  [1m[36mRole Load (0.3ms)[0m  [1m[34mSELECT "roles".* FROM "roles"[0m
  Rendered devise/registrations/new.html.erb within layouts/application (46.6ms)
  Rendered partials/_navbar.html.erb (1.1ms) [cache miss]
  Rendered partials/_side_bar.html.erb (0.9ms) [cache miss]
Completed 200 OK in 206ms (Views: 181.3ms | ActiveRecord: 5.6ms)


Started POST "/users" for 127.0.0.1 at 2017-06-05 15:00:34 +0700
Processing by Users::RegistrationsController#create as HTML
  Parameters: {"utf8"=>"✓", "authenticity_token"=>"GOD3EhCu2UMqib/l0yPtPdpe9ZVUXb2+knJxrigk1EfKHecJeXZZo8sESDj+W7JXoySdF8JUI8QA2yFmC31n5A==", "user"=>{"email"=>"ur4@example.com", "password"=>"[FILTERED]", "password_confirmation"=>"[FILTERED]", "role"=>{"id"=>"1"}}, "commit"=>"Create Account"}
Unpermitted parameter: :role
  [1m[35m (0.1ms)[0m  [1m[35mBEGIN[0m
  [1m[36mUser Exists (0.3ms)[0m  [1m[34mSELECT  1 AS one FROM "users" WHERE "users"."email" = $1 LIMIT $2[0m  [["email", "ur4@example.com"], ["LIMIT", 1]]
  [1m[35mSQL (2.0ms)[0m  [1m[32mINSERT INTO "users" ("email", "encrypted_password", "created_at", "updated_at") VALUES ($1, $2, $3, $4) RETURNING "id"[0m  [["email", "ur4@example.com"], ["encrypted_password", "$2a$11$KxiwfUIvVySRO0EsHH2WuufhuU2jCz5lB4lIYZeOK2cMD3SJM.o2G"], ["created_at", "2017-06-05 08:00:34.640513"], ["updated_at", "2017-06-05 08:00:34.640513"]]
  [1m[36mRole Exists (0.4ms)[0m  [1m[34mSELECT  1 AS one FROM "roles" INNER JOIN "users_roles" ON "roles"."id" = "users_roles"."role_id" WHERE "users_roles"."user_id" = $1 LIMIT $2[0m  [["user_id", 16], ["LIMIT", 1]]
  [1m[35m (0.4ms)[0m  [1m[35mCOMMIT[0m
  [1m[35m (0.1ms)[0m  [1m[35mBEGIN[0m
  [1m[35mSQL (0.4ms)[0m  [1m[33mUPDATE "users" SET "sign_in_count" = $1, "current_sign_in_at" = $2, "last_sign_in_at" = $3, "current_sign_in_ip" = $4, "last_sign_in_ip" = $5, "updated_at" = $6 WHERE "users"."id" = $7[0m  [["sign_in_count", 1], ["current_sign_in_at", "2017-06-05 08:00:34.648888"], ["last_sign_in_at", "2017-06-05 08:00:34.648888"], ["current_sign_in_ip", "127.0.0.1/32"], ["last_sign_in_ip", "127.0.0.1/32"], ["updated_at", "2017-06-05 08:00:34.649428"], ["id", 16]]
  [1m[35m (0.4ms)[0m  [1m[35mCOMMIT[0m
  [1m[36mRole Load (0.3ms)[0m  [1m[34mSELECT  "roles".* FROM "roles" WHERE "roles"."id" = $1 LIMIT $2[0m  [["id", 1], ["LIMIT", 1]]
  [1m[36mRole Load (0.5ms)[0m  [1m[34mSELECT  "roles".* FROM "roles" WHERE "roles"."name" = $1 AND "roles"."resource_type" IS NULL AND "roles"."resource_id" IS NULL ORDER BY "roles"."id" ASC LIMIT $2[0m  [["name", "instructor"], ["LIMIT", 1]]
  [1m[36mRole Exists (0.4ms)[0m  [1m[34mSELECT  1 AS one FROM "roles" INNER JOIN "users_roles" ON "roles"."id" = "users_roles"."role_id" WHERE "users_roles"."user_id" = $1 AND "roles"."id" = $2 LIMIT $3[0m  [["user_id", 16], ["id", 1], ["LIMIT", 1]]
  [1m[35m (0.4ms)[0m  [1m[34mSELECT "roles".id FROM "roles" INNER JOIN "users_roles" ON "roles"."id" = "users_roles"."role_id" WHERE "users_roles"."user_id" = $1[0m  [["user_id", 16]]
  [1m[36mRole Load (0.3ms)[0m  [1m[34mSELECT "roles".* FROM "roles" WHERE "roles"."id" = 1[0m
  [1m[36mRole Load (0.7ms)[0m  [1m[34mSELECT "roles".* FROM "roles" INNER JOIN "users_roles" ON "roles"."id" = "users_roles"."role_id" WHERE "users_roles"."user_id" = $1[0m  [["user_id", 16]]
  [1m[35m (0.2ms)[0m  [1m[35mBEGIN[0m
  [1m[35mSQL (0.3ms)[0m  [1m[32mINSERT INTO "users_roles" ("user_id", "role_id") VALUES ($1, $2)[0m  [["user_id", 16], ["role_id", 1]]
  [1m[35m (0.4ms)[0m  [1m[35mCOMMIT[0m
Redirected to http://localhost:3000/
Completed 302 Found in 185ms (ActiveRecord: 9.0ms)


Started GET "/" for 127.0.0.1 at 2017-06-05 15:00:34 +0700
Processing by HomeController#index as HTML
  [1m[36mUser Load (0.5ms)[0m  [1m[34mSELECT  "users".* FROM "users" WHERE "users"."id" = $1 ORDER BY "users"."id" ASC LIMIT $2[0m  [["id", 16], ["LIMIT", 1]]
  Rendering home/index.html.erb within layouts/application
  Rendered partials/_breadcrumb.html.erb (0.6ms) [cache miss]
  Rendered home/index.html.erb within layouts/application (4.3ms)
  Rendered partials/_navbar.html.erb (1.4ms) [cache miss]
  Rendered partials/_side_bar.html.erb (1.4ms) [cache miss]
Completed 200 OK in 86ms (Views: 80.5ms | ActiveRecord: 0.5ms)


Started DELETE "/users/sign_out" for 127.0.0.1 at 2017-06-05 15:00:43 +0700
Processing by Devise::SessionsController#destroy as HTML
  Parameters: {"authenticity_token"=>"pxaU0WhJxklCJYGsRrfL9Q7778YBZno6WVvWdB0EqOA560jQF1wr1OUAklN3v8S6T6dXR953owaaqrEJK4a0nw=="}
  [1m[36mUser Load (9.3ms)[0m  [1m[34mSELECT  "users".* FROM "users" WHERE "users"."id" = $1 ORDER BY "users"."id" ASC LIMIT $2[0m  [["id", 16], ["LIMIT", 1]]
  [1m[35m (7.6ms)[0m  [1m[35mBEGIN[0m
  [1m[35m (0.3ms)[0m  [1m[35mCOMMIT[0m
Redirected to http://localhost:3000/
Completed 302 Found in 26ms (ActiveRecord: 17.2ms)


Started GET "/" for 127.0.0.1 at 2017-06-05 15:00:43 +0700
Processing by HomeController#index as HTML
Completed 401 Unauthorized in 1ms (ActiveRecord: 0.0ms)


Started GET "/users/sign_in" for 127.0.0.1 at 2017-06-05 15:00:43 +0700
Processing by Devise::SessionsController#new as HTML
  Rendering devise/sessions/new.html.erb within layouts/application
  Rendered devise/sessions/new.html.erb within layouts/application (1.7ms)
  Rendered partials/_navbar.html.erb (1.6ms) [cache miss]
  Rendered partials/_side_bar.html.erb (0.9ms) [cache miss]
Completed 200 OK in 76ms (Views: 74.7ms | ActiveRecord: 0.0ms)


Started GET "/users/sign_up" for 127.0.0.1 at 2017-06-05 15:00:45 +0700
Processing by Users::RegistrationsController#new as HTML
  Rendering devise/registrations/new.html.erb within layouts/application
  [1m[36mRole Load (8.0ms)[0m  [1m[34mSELECT "roles".* FROM "roles"[0m
  Rendered devise/registrations/new.html.erb within layouts/application (16.0ms)
  Rendered partials/_navbar.html.erb (1.3ms) [cache miss]
  Rendered partials/_side_bar.html.erb (1.0ms) [cache miss]
Completed 200 OK in 107ms (Views: 97.3ms | ActiveRecord: 8.0ms)


Started POST "/users" for 127.0.0.1 at 2017-06-05 15:01:05 +0700
Processing by Users::RegistrationsController#create as HTML
  Parameters: {"utf8"=>"✓", "authenticity_token"=>"Lnaw6iyYcEzJrBi9sw/QpH0LcMNrq/+rKQvQEwOXgan1Ch07FHf9HLy54LJB/XbOIrFNlDOlAhW4LNKbVJKcjQ==", "user"=>{"email"=>"std@example.com", "password"=>"[FILTERED]", "password_confirmation"=>"[FILTERED]", "role"=>{"id"=>"2"}}, "commit"=>"Create Account"}
Unpermitted parameter: :role
  [1m[35m (0.1ms)[0m  [1m[35mBEGIN[0m
  [1m[36mUser Exists (0.4ms)[0m  [1m[34mSELECT  1 AS one FROM "users" WHERE "users"."email" = $1 LIMIT $2[0m  [["email", "std@example.com"], ["LIMIT", 1]]
  [1m[35mSQL (0.4ms)[0m  [1m[32mINSERT INTO "users" ("email", "encrypted_password", "created_at", "updated_at") VALUES ($1, $2, $3, $4) RETURNING "id"[0m  [["email", "std@example.com"], ["encrypted_password", "$2a$11$dj.FbD0wNrLEeJvoQEhNjOv.ZGgqDhdcONesAa90jpqvFjFkgucKa"], ["created_at", "2017-06-05 08:01:05.438866"], ["updated_at", "2017-06-05 08:01:05.438866"]]
  [1m[36mRole Exists (0.4ms)[0m  [1m[34mSELECT  1 AS one FROM "roles" INNER JOIN "users_roles" ON "roles"."id" = "users_roles"."role_id" WHERE "users_roles"."user_id" = $1 LIMIT $2[0m  [["user_id", 17], ["LIMIT", 1]]
  [1m[35m (1.3ms)[0m  [1m[35mCOMMIT[0m
  [1m[35m (0.3ms)[0m  [1m[35mBEGIN[0m
  [1m[35mSQL (0.4ms)[0m  [1m[33mUPDATE "users" SET "sign_in_count" = $1, "current_sign_in_at" = $2, "last_sign_in_at" = $3, "current_sign_in_ip" = $4, "last_sign_in_ip" = $5, "updated_at" = $6 WHERE "users"."id" = $7[0m  [["sign_in_count", 1], ["current_sign_in_at", "2017-06-05 08:01:05.443832"], ["last_sign_in_at", "2017-06-05 08:01:05.443832"], ["current_sign_in_ip", "127.0.0.1/32"], ["last_sign_in_ip", "127.0.0.1/32"], ["updated_at", "2017-06-05 08:01:05.444917"], ["id", 17]]
  [1m[35m (1.9ms)[0m  [1m[35mCOMMIT[0m
  [1m[36mRole Load (0.3ms)[0m  [1m[34mSELECT  "roles".* FROM "roles" WHERE "roles"."id" = $1 LIMIT $2[0m  [["id", 2], ["LIMIT", 1]]
  [1m[36mRole Load (0.4ms)[0m  [1m[34mSELECT  "roles".* FROM "roles" WHERE "roles"."name" = $1 AND "roles"."resource_type" IS NULL AND "roles"."resource_id" IS NULL ORDER BY "roles"."id" ASC LIMIT $2[0m  [["name", "student"], ["LIMIT", 1]]
  [1m[36mRole Exists (0.5ms)[0m  [1m[34mSELECT  1 AS one FROM "roles" INNER JOIN "users_roles" ON "roles"."id" = "users_roles"."role_id" WHERE "users_roles"."user_id" = $1 AND "roles"."id" = $2 LIMIT $3[0m  [["user_id", 17], ["id", 2], ["LIMIT", 1]]
  [1m[35m (0.4ms)[0m  [1m[34mSELECT "roles".id FROM "roles" INNER JOIN "users_roles" ON "roles"."id" = "users_roles"."role_id" WHERE "users_roles"."user_id" = $1[0m  [["user_id", 17]]
  [1m[36mRole Load (0.3ms)[0m  [1m[34mSELECT "roles".* FROM "roles" WHERE "roles"."id" = 2[0m
  [1m[36mRole Load (0.4ms)[0m  [1m[34mSELECT "roles".* FROM "roles" INNER JOIN "users_roles" ON "roles"."id" = "users_roles"."role_id" WHERE "users_roles"."user_id" = $1[0m  [["user_id", 17]]
  [1m[35m (0.1ms)[0m  [1m[35mBEGIN[0m
  [1m[35mSQL (0.3ms)[0m  [1m[32mINSERT INTO "users_roles" ("user_id", "role_id") VALUES ($1, $2)[0m  [["user_id", 17], ["role_id", 2]]
  [1m[35m (0.5ms)[0m  [1m[35mCOMMIT[0m
Redirected to http://localhost:3000/
Completed 302 Found in 165ms (ActiveRecord: 8.5ms)


Started GET "/" for 127.0.0.1 at 2017-06-05 15:01:05 +0700
Processing by HomeController#index as HTML
  [1m[36mUser Load (0.3ms)[0m  [1m[34mSELECT  "users".* FROM "users" WHERE "users"."id" = $1 ORDER BY "users"."id" ASC LIMIT $2[0m  [["id", 17], ["LIMIT", 1]]
  Rendering home/index.html.erb within layouts/application
  Rendered partials/_breadcrumb.html.erb (0.4ms) [cache miss]
  Rendered home/index.html.erb within layouts/application (2.3ms)
  Rendered partials/_navbar.html.erb (1.3ms) [cache miss]
  Rendered partials/_side_bar.html.erb (1.1ms) [cache miss]
Completed 200 OK in 58ms (Views: 54.6ms | ActiveRecord: 0.3ms)


Started GET "/courses" for 127.0.0.1 at 2017-06-05 15:01:30 +0700
Processing by CoursesController#index as HTML
  [1m[36mUser Load (0.4ms)[0m  [1m[34mSELECT  "users".* FROM "users" WHERE "users"."id" = $1 ORDER BY "users"."id" ASC LIMIT $2[0m  [["id", 17], ["LIMIT", 1]]
  Rendering courses/index.html.erb within layouts/application
  Rendered partials/_breadcrumb.html.erb (1.1ms) [cache miss]
  [1m[36mRole Load (0.9ms)[0m  [1m[34mSELECT "roles".* FROM "roles" INNER JOIN "users_roles" ON "roles"."id" = "users_roles"."role_id" WHERE "users_roles"."user_id" = $1[0m  [["user_id", 17]]
  [1m[36mCourse Load (0.7ms)[0m  [1m[34mSELECT  "courses".* FROM "courses" LIMIT $1 OFFSET $2[0m  [["LIMIT", 30], ["OFFSET", 0]]
  [1m[36mEnrollment Load (5.9ms)[0m  [1m[34mSELECT "enrollments".* FROM "enrollments" WHERE "enrollments"."user_id" = $1[0m  [["user_id", 17]]
  Rendered courses/index.html.erb within layouts/application (53.4ms)
  Rendered partials/_navbar.html.erb (0.9ms) [cache miss]
  Rendered partials/_side_bar.html.erb (0.7ms) [cache miss]
Completed 200 OK in 127ms (Views: 96.3ms | ActiveRecord: 11.5ms)


Started DELETE "/users/sign_out" for 127.0.0.1 at 2017-06-05 15:01:34 +0700
Processing by Devise::SessionsController#destroy as HTML
  Parameters: {"authenticity_token"=>"IvGX4p/OYjuUKjinfZy0xkb8HQW633LjUUpBxaicOnGyGCarJIwWrC8jnblx5oANBh1IASeUj00bikw7Thcn4w=="}
  [1m[36mUser Load (0.5ms)[0m  [1m[34mSELECT  "users".* FROM "users" WHERE "users"."id" = $1 ORDER BY "users"."id" ASC LIMIT $2[0m  [["id", 17], ["LIMIT", 1]]
  [1m[35m (0.2ms)[0m  [1m[35mBEGIN[0m
  [1m[35m (0.3ms)[0m  [1m[35mCOMMIT[0m
Redirected to http://localhost:3000/
Completed 302 Found in 10ms (ActiveRecord: 1.0ms)


Started GET "/" for 127.0.0.1 at 2017-06-05 15:01:34 +0700
Processing by HomeController#index as HTML
Completed 401 Unauthorized in 1ms (ActiveRecord: 0.0ms)


Started GET "/users/sign_in" for 127.0.0.1 at 2017-06-05 15:01:34 +0700
Processing by Devise::SessionsController#new as HTML
  Rendering devise/sessions/new.html.erb within layouts/application
  Rendered devise/sessions/new.html.erb within layouts/application (1.8ms)
  Rendered partials/_navbar.html.erb (1.0ms) [cache miss]
  Rendered partials/_side_bar.html.erb (1.2ms) [cache miss]
Completed 200 OK in 75ms (Views: 73.8ms | ActiveRecord: 0.0ms)


